<?xml version="1.0" encoding="UTF-8"?>
<testsuite xmlns:xsi="http://www.w3.org/2001/XMLSchema-instance" xsi:noNamespaceSchemaLocation="https://maven.apache.org/surefire/maven-surefire-plugin/xsd/surefire-test-report.xsd" name="TestSuite" time="12.873" tests="1" errors="0" skipped="0" failures="1">
  <properties>
    <property name="gopherProxySet" value="false"/>
    <property name="awt.toolkit" value="sun.lwawt.macosx.LWCToolkit"/>
    <property name="file.encoding.pkg" value="sun.io"/>
    <property name="java.specification.version" value="1.8"/>
    <property name="sun.cpu.isalist" value=""/>
    <property name="sun.jnu.encoding" value="UTF-8"/>
    <property name="java.class.path" value="/Users/pjcalvo/.m2/repository/org/apache/maven/surefire/surefire-booter/2.22.0/surefire-booter-2.22.0.jar:/Users/pjcalvo/.m2/repository/org/apache/maven/surefire/surefire-api/2.22.0/surefire-api-2.22.0.jar:/Users/pjcalvo/.m2/repository/org/apache/maven/surefire/surefire-logger-api/2.22.0/surefire-logger-api-2.22.0.jar:/Users/pjcalvo/Documents/repos-course/mocha-sample/api/rest_assured/target/test-classes:/Users/pjcalvo/Documents/repos-course/mocha-sample/api/rest_assured/target/classes:/Users/pjcalvo/.m2/repository/io/rest-assured/rest-assured/4.3.1/rest-assured-4.3.1.jar:/Users/pjcalvo/.m2/repository/org/codehaus/groovy/groovy/3.0.3/groovy-3.0.3.jar:/Users/pjcalvo/.m2/repository/org/codehaus/groovy/groovy-xml/3.0.3/groovy-xml-3.0.3.jar:/Users/pjcalvo/.m2/repository/org/apache/httpcomponents/httpclient/4.5.3/httpclient-4.5.3.jar:/Users/pjcalvo/.m2/repository/org/apache/httpcomponents/httpcore/4.4.6/httpcore-4.4.6.jar:/Users/pjcalvo/.m2/repository/commons-logging/commons-logging/1.2/commons-logging-1.2.jar:/Users/pjcalvo/.m2/repository/commons-codec/commons-codec/1.9/commons-codec-1.9.jar:/Users/pjcalvo/.m2/repository/org/apache/httpcomponents/httpmime/4.5.3/httpmime-4.5.3.jar:/Users/pjcalvo/.m2/repository/org/hamcrest/hamcrest/2.1/hamcrest-2.1.jar:/Users/pjcalvo/.m2/repository/org/ccil/cowan/tagsoup/tagsoup/1.2.1/tagsoup-1.2.1.jar:/Users/pjcalvo/.m2/repository/io/rest-assured/json-path/4.3.1/json-path-4.3.1.jar:/Users/pjcalvo/.m2/repository/org/codehaus/groovy/groovy-json/3.0.3/groovy-json-3.0.3.jar:/Users/pjcalvo/.m2/repository/io/rest-assured/rest-assured-common/4.3.1/rest-assured-common-4.3.1.jar:/Users/pjcalvo/.m2/repository/io/rest-assured/xml-path/4.3.1/xml-path-4.3.1.jar:/Users/pjcalvo/.m2/repository/org/apache/commons/commons-lang3/3.4/commons-lang3-3.4.jar:/Users/pjcalvo/.m2/repository/jakarta/xml/bind/jakarta.xml.bind-api/2.3.3/jakarta.xml.bind-api-2.3.3.jar:/Users/pjcalvo/.m2/repository/jakarta/activation/jakarta.activation-api/1.2.2/jakarta.activation-api-1.2.2.jar:/Users/pjcalvo/.m2/repository/com/sun/xml/bind/jaxb-impl/2.3.3/jaxb-impl-2.3.3.jar:/Users/pjcalvo/.m2/repository/org/testng/testng/6.14.3/testng-6.14.3.jar:/Users/pjcalvo/.m2/repository/com/beust/jcommander/1.72/jcommander-1.72.jar:/Users/pjcalvo/.m2/repository/org/apache-extras/beanshell/bsh/2.0b6/bsh-2.0b6.jar:/Users/pjcalvo/.m2/repository/com/fasterxml/jackson/core/jackson-core/2.11.3/jackson-core-2.11.3.jar:/Users/pjcalvo/.m2/repository/com/fasterxml/jackson/core/jackson-databind/2.6.0/jackson-databind-2.6.0.jar:/Users/pjcalvo/.m2/repository/com/fasterxml/jackson/core/jackson-annotations/2.6.0/jackson-annotations-2.6.0.jar:/Users/pjcalvo/.m2/repository/org/apache/maven/surefire/surefire-testng-utils/2.22.0/surefire-testng-utils-2.22.0.jar:/Users/pjcalvo/.m2/repository/org/apache/maven/surefire/surefire-grouper/2.22.0/surefire-grouper-2.22.0.jar:/Users/pjcalvo/.m2/repository/org/apache/maven/surefire/surefire-testng/2.22.0/surefire-testng-2.22.0.jar:/Users/pjcalvo/.m2/repository/org/apache/maven/surefire/common-java5/2.22.0/common-java5-2.22.0.jar:/Users/pjcalvo/.m2/repository/org/aspectj/aspectjweaver/1.8.10/aspectjweaver-1.8.10.jar"/>
    <property name="java.vm.vendor" value="Oracle Corporation"/>
    <property name="sun.arch.data.model" value="64"/>
    <property name="java.vendor.url" value="http://java.oracle.com/"/>
    <property name="user.timezone" value=""/>
    <property name="java.vm.specification.version" value="1.8"/>
    <property name="os.name" value="Mac OS X"/>
    <property name="user.country" value="US"/>
    <property name="sun.java.launcher" value="SUN_STANDARD"/>
    <property name="sun.boot.library.path" value="/Library/Java/JavaVirtualMachines/jdk1.8.0_231.jdk/Contents/Home/jre/lib"/>
    <property name="sun.java.command" value="org.apache.maven.surefire.booter.ForkedBooter /Users/pjcalvo/Documents/repos-course/mocha-sample/api/rest_assured/target/surefire 2020-10-17T12-13-08_700-jvmRun1 surefire7331598812314248804tmp surefire_02500637505096554374tmp"/>
    <property name="http.nonProxyHosts" value="local|*.local|169.254/16|*.169.254/16"/>
    <property name="surefire.test.class.path" value="/Users/pjcalvo/Documents/repos-course/mocha-sample/api/rest_assured/target/test-classes:/Users/pjcalvo/Documents/repos-course/mocha-sample/api/rest_assured/target/classes:/Users/pjcalvo/.m2/repository/io/rest-assured/rest-assured/4.3.1/rest-assured-4.3.1.jar:/Users/pjcalvo/.m2/repository/org/codehaus/groovy/groovy/3.0.3/groovy-3.0.3.jar:/Users/pjcalvo/.m2/repository/org/codehaus/groovy/groovy-xml/3.0.3/groovy-xml-3.0.3.jar:/Users/pjcalvo/.m2/repository/org/apache/httpcomponents/httpclient/4.5.3/httpclient-4.5.3.jar:/Users/pjcalvo/.m2/repository/org/apache/httpcomponents/httpcore/4.4.6/httpcore-4.4.6.jar:/Users/pjcalvo/.m2/repository/commons-logging/commons-logging/1.2/commons-logging-1.2.jar:/Users/pjcalvo/.m2/repository/commons-codec/commons-codec/1.9/commons-codec-1.9.jar:/Users/pjcalvo/.m2/repository/org/apache/httpcomponents/httpmime/4.5.3/httpmime-4.5.3.jar:/Users/pjcalvo/.m2/repository/org/hamcrest/hamcrest/2.1/hamcrest-2.1.jar:/Users/pjcalvo/.m2/repository/org/ccil/cowan/tagsoup/tagsoup/1.2.1/tagsoup-1.2.1.jar:/Users/pjcalvo/.m2/repository/io/rest-assured/json-path/4.3.1/json-path-4.3.1.jar:/Users/pjcalvo/.m2/repository/org/codehaus/groovy/groovy-json/3.0.3/groovy-json-3.0.3.jar:/Users/pjcalvo/.m2/repository/io/rest-assured/rest-assured-common/4.3.1/rest-assured-common-4.3.1.jar:/Users/pjcalvo/.m2/repository/io/rest-assured/xml-path/4.3.1/xml-path-4.3.1.jar:/Users/pjcalvo/.m2/repository/org/apache/commons/commons-lang3/3.4/commons-lang3-3.4.jar:/Users/pjcalvo/.m2/repository/jakarta/xml/bind/jakarta.xml.bind-api/2.3.3/jakarta.xml.bind-api-2.3.3.jar:/Users/pjcalvo/.m2/repository/jakarta/activation/jakarta.activation-api/1.2.2/jakarta.activation-api-1.2.2.jar:/Users/pjcalvo/.m2/repository/com/sun/xml/bind/jaxb-impl/2.3.3/jaxb-impl-2.3.3.jar:/Users/pjcalvo/.m2/repository/org/testng/testng/6.14.3/testng-6.14.3.jar:/Users/pjcalvo/.m2/repository/com/beust/jcommander/1.72/jcommander-1.72.jar:/Users/pjcalvo/.m2/repository/org/apache-extras/beanshell/bsh/2.0b6/bsh-2.0b6.jar:/Users/pjcalvo/.m2/repository/com/fasterxml/jackson/core/jackson-core/2.11.3/jackson-core-2.11.3.jar:/Users/pjcalvo/.m2/repository/com/fasterxml/jackson/core/jackson-databind/2.6.0/jackson-databind-2.6.0.jar:/Users/pjcalvo/.m2/repository/com/fasterxml/jackson/core/jackson-annotations/2.6.0/jackson-annotations-2.6.0.jar:/Users/pjcalvo/.m2/repository/org/apache/maven/surefire/surefire-testng-utils/2.22.0/surefire-testng-utils-2.22.0.jar:/Users/pjcalvo/.m2/repository/org/apache/maven/surefire/surefire-grouper/2.22.0/surefire-grouper-2.22.0.jar:"/>
    <property name="sun.cpu.endian" value="little"/>
    <property name="user.home" value="/Users/pjcalvo"/>
    <property name="user.language" value="en"/>
    <property name="java.specification.vendor" value="Oracle Corporation"/>
    <property name="java.home" value="/Library/Java/JavaVirtualMachines/jdk1.8.0_231.jdk/Contents/Home/jre"/>
    <property name="basedir" value="/Users/pjcalvo/Documents/repos-course/mocha-sample/api/rest_assured"/>
    <property name="file.separator" value="/"/>
    <property name="line.separator" value="&#10;"/>
    <property name="java.vm.specification.vendor" value="Oracle Corporation"/>
    <property name="java.specification.name" value="Java Platform API Specification"/>
    <property name="java.awt.graphicsenv" value="sun.awt.CGraphicsEnvironment"/>
    <property name="sun.boot.class.path" value="/Library/Java/JavaVirtualMachines/jdk1.8.0_231.jdk/Contents/Home/jre/lib/resources.jar:/Library/Java/JavaVirtualMachines/jdk1.8.0_231.jdk/Contents/Home/jre/lib/rt.jar:/Library/Java/JavaVirtualMachines/jdk1.8.0_231.jdk/Contents/Home/jre/lib/sunrsasign.jar:/Library/Java/JavaVirtualMachines/jdk1.8.0_231.jdk/Contents/Home/jre/lib/jsse.jar:/Library/Java/JavaVirtualMachines/jdk1.8.0_231.jdk/Contents/Home/jre/lib/jce.jar:/Library/Java/JavaVirtualMachines/jdk1.8.0_231.jdk/Contents/Home/jre/lib/charsets.jar:/Library/Java/JavaVirtualMachines/jdk1.8.0_231.jdk/Contents/Home/jre/lib/jfr.jar:/Library/Java/JavaVirtualMachines/jdk1.8.0_231.jdk/Contents/Home/jre/classes"/>
    <property name="sun.management.compiler" value="HotSpot 64-Bit Tiered Compilers"/>
    <property name="ftp.nonProxyHosts" value="local|*.local|169.254/16|*.169.254/16"/>
    <property name="java.runtime.version" value="1.8.0_231-b11"/>
    <property name="user.name" value="pjcalvo"/>
    <property name="path.separator" value=":"/>
    <property name="os.version" value="10.15.7"/>
    <property name="java.endorsed.dirs" value="/Library/Java/JavaVirtualMachines/jdk1.8.0_231.jdk/Contents/Home/jre/lib/endorsed"/>
    <property name="java.runtime.name" value="Java(TM) SE Runtime Environment"/>
    <property name="file.encoding" value="UTF-8"/>
    <property name="java.vm.name" value="Java HotSpot(TM) 64-Bit Server VM"/>
    <property name="localRepository" value="/Users/pjcalvo/.m2/repository"/>
    <property name="java.vendor.url.bug" value="http://bugreport.sun.com/bugreport/"/>
    <property name="java.io.tmpdir" value="/var/folders/d7/lwb7kvr50sgdqlzqrhrkr1900000gn/T/"/>
    <property name="java.version" value="1.8.0_231"/>
    <property name="user.dir" value="/Users/pjcalvo/Documents/repos-course/mocha-sample/api/rest_assured"/>
    <property name="os.arch" value="x86_64"/>
    <property name="java.vm.specification.name" value="Java Virtual Machine Specification"/>
    <property name="java.awt.printerjob" value="sun.lwawt.macosx.CPrinterJob"/>
    <property name="sun.os.patch.level" value="unknown"/>
    <property name="java.library.path" value="/Users/pjcalvo/Library/Java/Extensions:/Library/Java/Extensions:/Network/Library/Java/Extensions:/System/Library/Java/Extensions:/usr/lib/java:."/>
    <property name="java.vm.info" value="mixed mode"/>
    <property name="java.vendor" value="Oracle Corporation"/>
    <property name="java.vm.version" value="25.231-b11"/>
    <property name="java.ext.dirs" value="/Users/pjcalvo/Library/Java/Extensions:/Library/Java/JavaVirtualMachines/jdk1.8.0_231.jdk/Contents/Home/jre/lib/ext:/Library/Java/Extensions:/Network/Library/Java/Extensions:/System/Library/Java/Extensions:/usr/lib/java"/>
    <property name="sun.io.unicode.encoding" value="UnicodeBig"/>
    <property name="java.class.version" value="52.0"/>
    <property name="socksNonProxyHosts" value="local|*.local|169.254/16|*.169.254/16"/>
  </properties>
  <testcase name="Ping_Test" classname="PingTests" time="1.484">
    <failure message="1 expectation failed.&#10;JSON path ids doesn&apos;t match.&#10;Expected: &lt;3&gt;&#10;  Actual: null&#10;" type="java.lang.AssertionError"><![CDATA[java.lang.AssertionError: 
1 expectation failed.
JSON path ids doesn't match.
Expected: <3>
  Actual: null

	at PingTests.Ping_Test(PingTests.java:16)
]]></failure>
    <system-out><![CDATA[[TestNGContentHandler] [WARN] It is strongly recommended to add "<!DOCTYPE suite SYSTEM "http://testng.org/testng-1.0.dtd" >" at the top of your file, otherwise TestNG may fail or not work as expected.
Running on https://api-coffee-testing.herokuapp.com environment
]]></system-out>
  </testcase>
</testsuite>